[20-Oct-2016 09:50:51 UTC] INSERT INTO transactions_paypal VALUES (0,'9f3b63a44211e6a8eda5f35b1f2c68fa','WN7JWCBBGNN94','61V42567LB604314N','AI3CO7S8cQRVoojPm3x8gMjc9tc4ApdiAtMBEwJXrBadFttQAifDsRWk',NOW() );
[20-Oct-2016 09:51:45 UTC] INSERT INTO transactions_paypal VALUES (0,'07eea19fb4a7a143509d837402a9c781','WN7JWCBBGNN94','1PV55505T8639544N','A11hCuW2jv0cvaoyfsUIz4shGj31AmVgJgwk30oq28CXMlX7nOON220i',NOW() );
[20-Oct-2016 09:55:22 UTC] INSERT INTO transactions_paypal VALUES (0,'d2ac9597bc25b121889764d9931b27d8','WN7JWCBBGNN94','11532110BD378992C','AQ1x2QftwZO4gbv57ONUHeJy9r6HAidJMepJ5xjqYBJ11h9OXwjpfMOu',NOW() );
[20-Oct-2016 15:49:44 UTC] INSERT INTO transactions_paypal VALUES (0,'0d90fee8d8973fca063d3ca1c92e4160','WN7JWCBBGNN94','7RU1306392623572V','ArdqsAn9m5AwhY6fzU-LyBi27M4GABb2HhF.IM3GTz-1GBTiSfWfP5xw',NOW() );
[20-Oct-2016 18:37:53 UTC] INSERT INTO transactions_paypal VALUES (0,'a81fbd145a38ff18a5a973dc76fc159b','MGMHP25DYGZEN','3RL7451087269024J','AzaPqPnGssovaJ1Pdf2waNDc8cIPANIYRN.7wINOSlZAv23BP4qHymQS',NOW() );
[22-Oct-2016 12:02:18 UTC] INSERT INTO transactions_paypal VALUES (0,'092550011606ef38959b8440dbcd2bfb','5XAXQ45BTSZKC','61600577T6779452R','AzMNkTxgBvm9UMEVF6xwI2k3UvAsA3z8bIjJ7MeyQtHhUK9AAZhe7SYv',NOW() );
[23-Oct-2016 17:18:12 UTC] INSERT INTO transactions_paypal VALUES (0,'f9efded39563ae9182e421ab192e60e0','VL7Z9WBBKFUZA','2VY493261D153672L','AB8uKJ-cgis5XVZJfu8yXdO6dhrpA-zubx-g5m1XX84AeiAEfvgUB2Uj',NOW() );
[18-Nov-2016 19:28:51 UTC] INSERT INTO transactions_paypal VALUES (0,'4ac5c5910e56c651a2f5aa9a392fd86b','9LS28V6HV5VJN','1X0646346D3193934','ABKCayh4bsZU9o4g5AXgoCnFJjldAzJv7SFysVtdFW04mkidI09H3588',NOW() );
[27-Nov-2016 02:16:06 UTC] INSERT INTO transactions_paypal VALUES (0,'996dea42cb85925f5d27ca990bbc7a21','AWXDWRXC24F74','57733704FV608284A','AuJSHhUcP.t0KLZLPdnCHuuKZZEnAGJ3nCMRDeAVJiZ7WDtg57XK4aaw',NOW() );
[28-Nov-2016 11:11:20 UTC] INSERT INTO transactions_paypal VALUES (0,'1b94df9a564da506b82affcbe777188d','P6P3Z46GJHWUU','68B53461XK5441928','AvFLb1BVEtnUp7X3NAzuJP.NrHU8Adzn3rxKpOzrJ58chcx87glrf04s',NOW() );
[01-Dec-2016 18:11:55 UTC] INSERT INTO transactions_paypal VALUES (0,'a0eba84e2b7679a13f97cdcaf6f711a4','RX8C6NU8ZECRC','6B844127U5674110E','AuJSHhUcP.t0KLZLPdnCHuuKZZEnAqoHBcdR4TPsSdxBd9uZUZd3d1jX',NOW() );
[02-Dec-2016 00:55:44 UTC] INSERT INTO transactions_paypal VALUES (0,'a53c4f7944ff86fb29a25fb4e96de772','F5JYQKRNQRLG2','0BB122208L485034L','AlLjZyUxzvtq5pK4-AOSkTM98NV-AxhyfjKrGCrB8MnB-ylYEdhQYCnC',NOW() );
[02-Dec-2016 22:22:38 UTC] INSERT INTO transactions_paypal VALUES (0,'917d78234cf9a5463174aae0750eb5cc','XRDUPUK2MXJAE','4N700320L18970838','AkBezA742JXefy3.CqZeGMWuR29lAJbqMmoT1oB4CtUeh6K2VLeepRQr',NOW() );
[02-Dec-2016 22:25:34 UTC] INSERT INTO transactions_paypal VALUES (0,'ec2b8d2aa5da4e2db49eacf5b0b987a0','XRDUPUK2MXJAE','4RR79442KF8466212','An0gIi8ww1QWcAFjtv4R3wcvRGm3AGheWsPAbcrUMLwsCNv92vKUFev3',NOW() );
[02-Dec-2016 22:28:24 UTC] INSERT INTO transactions_paypal VALUES (0,'1842213e71a55cf1aa0e5228bcbd93f6','XRDUPUK2MXJAE','642913403A0540441','Al.sEMmQrthTGy.423ZL7jGr63saAf6WI-ZNG11BxP2W5LPNd.UduFUc',NOW() );
[03-Dec-2016 00:56:15 UTC] INSERT INTO transactions_paypal VALUES (0,'29bdeb15803b9f5d0513f8ca1dc2534d','SXADH9A4MNEC8','27751259U6621233A','A5FdWnj8RRqeGvuq3QjAa1GsBXEkA--DAGSAnr24CC3kafI.rXWoNZvH',NOW() );
[03-Dec-2016 21:12:26 UTC] INSERT INTO transactions_paypal VALUES (0,'372d1e0efb6f5ea6cac928e0600d48de','ZN8Q8HJA5YL4Y','7KA629498M1761222','A7HJF8RSStXOqP9cU9tXztOpHA5-Ay-TV56h6T2Avm13OF7sRuE4fLB0',NOW() );
[05-Dec-2016 12:10:38 UTC] INSERT INTO transactions_paypal VALUES (0,'5810733bd05f57dee85630ac7e1ee35d','A2U6DWTYY32EN','1SU78972SL552563F','AfL8JAkvK-PP8ASnAhGskamGi9c3AcEDKW1mQu5fR-v1DoNqkV4qwIUC',NOW() );
[06-Dec-2016 13:43:33 UTC] INSERT INTO transactions_paypal VALUES (0,'2f45babd946038badd6ffade56bcf78f','9KBZ2JNE4EAH8','2XY40435XM851392T','AqYbpTrBnVmRxqI0yTqRFW3k.p.ZAf7rZhNG9bqdA4YhfohjWYED3UJh',NOW() );
[06-Dec-2016 15:02:16 UTC] INSERT INTO transactions_paypal VALUES (0,'d1cecd51e9667519915166fc0a679509','7EFTJQY3U2HU8','7VD13875YY081345S','AbzlMQfnGCW1kgs7W9U77Rx7TroaAtwUe4ZzPj9asC7bp0Ru6jbZXRIl',NOW() );
[07-Dec-2016 00:34:42 UTC] INSERT INTO transactions_paypal VALUES (0,'2454a2c533f209902181a523dad51e09','EBGE7V8J5J9DW','06M03024MH8120905','A37ljju0wTvGa4UumtLT0baFTK01AiyzXt6Lekt9ucPBeFkvWu4vYzJo',NOW() );
[08-Dec-2016 19:18:49 UTC] INSERT INTO transactions_paypal VALUES (0,'645b0a501b7686de9e9070e678d2d92f','KEM5H3TBY8E7Q','0CE72090WH087344F','AjxGL8AuWD43.2n4ea7bLZvQW6qOAHZex.JKzdVNYzZ-mKOEXFHL6rwe',NOW() );
[08-Dec-2016 20:15:42 UTC] INSERT INTO transactions_paypal VALUES (0,'62b743e1ddbc7bf3893e35457e53f3ed','YRPR9CSVPZYNW','9SW54657UR984405P','AqmQtScLQGlFyjN.pim-cnYhSce5Agj7YbobuGXeN-y7sOBg1o-a8p3O',NOW() );
[10-Dec-2016 23:33:24 UTC] INSERT INTO transactions_paypal VALUES (0,'4f21cc80af4dd1699ad24ba28480d59f','LTP6DUWQ39BN4','1DX847508H931502H','AodFsGkuD6DuumQHgtrYWb3HStMIAaqwkTeDy99.lnStQFrZnatEpGjs',NOW() );
[12-Dec-2016 21:02:51 UTC] INSERT INTO transactions_paypal VALUES (0,'cd6f3ea980b06343ee43bce537c55af7','XU3MQ7AT2T98U','4UR462060R216353U','AsuKHqxr27XAb82mtPetkt5kQsLAAT5hlAc0C0DIZpzYx1EMWX55H8eT',NOW() );
[13-Dec-2016 00:02:45 UTC] INSERT INTO transactions_paypal VALUES (0,'d3647f0509ffe45f2c26218e1d5f87e9','AZSUF9Z5WLVE2','4DA561611K857800E','AfAkavmC3xOd-bBA3ryNkIOB-nAFAyYby9FDQ95s2lZ11UMMSOmzdCjr',NOW() );
[11-Feb-2017 19:56:00 UTC] INSERT INTO transactions_paypal VALUES (0,'19cc3a1303fab28ed785287a1f57c380','RX8C6NU8ZECRC','68399630K09398157','A5jg5FHbO3aWQKHd4A60fQrDAEioAllNUN.KqeGFNbeJchk4P9Jh35uE',NOW() );
[16-Feb-2017 21:12:40 UTC] INSERT INTO transactions_paypal VALUES (0,'c7f8f2c5c5e20d653ef92364a35b4836','Q7W96Y66UKCUQ','06U43751SE6641907','AbVpE46Hdzh6d29Gu3X3iR8qqXBgAxgEhBkTUAO86g5dGCtodfNQEJc4',NOW() );
[17-Feb-2017 23:06:27 UTC] INSERT INTO transactions_paypal VALUES (0,'d4d7d4718c4df41cbf90f50acaf8bbd4','Q7W96Y66UKCUQ','8P707374E2227725P','AsvrJ2V6yerpiJJgZS8C.An4S8v0AwYFaBo3a5.WXmppyQgK.1sVQO8C',NOW() );
[12-Mar-2017 00:16:34 UTC] INSERT INTO transactions_paypal VALUES (0,'38de4c1e1ec780090569f99635703221','RX8C6NU8ZECRC','3PK569115L321411L','Anp6FYsTiu25aR0NYrmne7rT0vriA9yWRo1go0vDEMEwn9LQR9lFATFr',NOW() );
[16-Mar-2017 21:56:40 UTC] INSERT INTO transactions_paypal VALUES (0,'1adfd09b0c8eab2f194e1776e71075af','Q7W96Y66UKCUQ','2WA07379PU901420A','AKwUpvimaCAfmfJ-.PhckWeGqTcrA6O5-AJwQcRM27ZgpDTBnrOB4fVa',NOW() );
[21-Mar-2017 11:43:01 UTC] INSERT INTO transactions_paypal VALUES (0,'b063604cd0d74314d8987fb69dac8b5e','XKYD6Z7WUKTE8','93733517JB6603321','AhBpGP1a26BqO2bPn7ApItATmBuXAPKuV46P4TjCMZFXL-ZAHTuDb4ef',NOW() );
[26-Mar-2017 22:22:54 UTC] INSERT INTO transactions_paypal VALUES (0,'5d19aaa0b626281c1db5a103255fc0ca','Q7W96Y66UKCUQ','9NS563096D7761948','ANxwiqbTUnTqfI3.gbvJOMMmHL7zAr6EoMvgKsA4K-vT0zmrlNOSnv3x',NOW() );
[17-Apr-2017 13:19:46 UTC] INSERT INTO transactions_paypal VALUES (0,'8a44bb3a3984fdaace20737131ea3cc7','JUFYD8MEGXQXJ','0TS7565833890042C','AcEn.UCFuxaynGJhil0tm2DZG9zJAujzZ8A0zy.f91-SzlmuGE7lE5Nk',NOW() );
[06-May-2017 10:42:25 UTC] INSERT INTO transactions_paypal VALUES (0,'7a4c44d9d1d35b11ed56559a724c7e97','RGKZKNEKXNGZ4','09U25262GX4659845','ACrVLackCXKsJFINKb9V09xKjL2bAnj1qL7fZh-4TtK3t2iJxH.m5xvH',NOW() );
[06-May-2017 13:06:08 UTC] INSERT INTO transactions_paypal VALUES (0,'a78c5bddd06e2bfc7d5decd5564b34a5','2AHGBCXGBE5WS','2FV13842J8738563U','AyrrLGLfYacCYNwpFDpZiX1WE15pA11dn0vTYtAftKI4ELTPVy0xitwL',NOW() );
[07-May-2017 20:24:44 UTC] INSERT INTO transactions_paypal VALUES (0,'de658c7e1517399e89930a6cf09750ea','TDQTRAQDE5AFC','6YT90306M8795815L','A3-5z7lr-aXFnEzf5cE9dMTHr0ECAWfVnlqFhGZNP4rqJeef7aaMDScW',NOW() );
[08-May-2017 11:26:45 UTC] INSERT INTO transactions_paypal VALUES (0,'3ad5b601c0354c427ca8ec09de8c2e11','B5UPKFUDCW5DL','5DV55151VC058570D','Asx24A0zXczdH1znFfphAmdDEWYUAjM--HY0tINztCu.WGPOwqHyYHJa',NOW() );
[09-May-2017 10:25:42 UTC] INSERT INTO transactions_paypal VALUES (0,'351c8c4be760d018824212ba1cc773e5','MENSHVEQ5CZGG','2UN16251AU917531F','AKT9YF3SRMaJwCYrIl0ZYYCB3ktdA5gfq8kiglH15tIOHH6zxnWBcvzf',NOW() );
[09-May-2017 16:42:34 UTC] INSERT INTO transactions_paypal VALUES (0,'38773fa2deb201ed961b7d070443a5c7','AEBZDTEDD92XQ','21E07328SJ281863D','A.CSYz4u5IILQm5wM0J0JbJiIcEuAs2wHjwhhq6cjMEJxq4IRORZMdPo',NOW() );
[06-Jun-2017 08:29:46 UTC] INSERT INTO transactions_paypal VALUES (0,'1725170cdbac97e6981e94ca138f9303','TDQTRAQDE5AFC','261396868C2122222','AzYkUDI4d-pMZCuEpSyVEagB5uf3AVEOGTSIgqLm6ZxSsySE4UAM-QBD',NOW() );
[08-Jun-2017 19:12:01 UTC] INSERT INTO transactions_paypal VALUES (0,'d52d06ce063214928b75bee4e307b82b','EHK3T6TWREBRG','4FY98826S2513044B','ArXI7Hbi2P4lJeWc-yi6x4mjZA-XAxt9OqJhFPySUKCmwwWxLVRjln9O',NOW() );
[15-Jun-2017 14:57:18 UTC] INSERT INTO transactions_paypal VALUES (0,'0c77aead14cad01570fd63b9861b50fa','JLAZ3X2BDYXMY','9A721657NB3377415','ASsJ54wcfEJZVuwOMU8vBNHZb1TpAT6RKTgQG.aeq0BZsxHuC--HpHCw',NOW() );
[16-Jul-2017 16:00:21 UTC] INSERT INTO transactions_paypal VALUES (0,'c6f3f153ae9215d0f550ac19adffc96c','JLAZ3X2BDYXMY','7BE4567778897811K','A2SJiO1tF8H1K2sYY-8mmljzxTUnA1A92js-lN3yGmEfJr8xDYas0ryB',NOW() );
[21-Aug-2017 21:50:33 UTC] INSERT INTO transactions_paypal VALUES (0,'14c5df04474c566c7f1e5b0cdd0067b6','MENSHVEQ5CZGG','6FJ54985GN082845X','A3pTw6bl6mWGBjibFNMgWPoVeLbMAjD--vn5mE9Is-ZBUkk22juJKjMx',NOW() );
[28-Aug-2017 20:23:52 UTC] INSERT INTO transactions_paypal VALUES (0,'d84373c424ac5b15964289e42fd4aefd','FR784FKDNM5VU','73X09072D90448315','AeFcdD.Jn7JOCBZmRTGXQCAX.l13A.KPk6-X3dxVq3miTJbYZbyX9pmm',NOW() );
[23-Sep-2017 16:36:41 UTC] INSERT INTO transactions_paypal VALUES (0,'e02691939abfa04816569d5f513029a6','MENSHVEQ5CZGG','29S10944M8604204M','AiSxkAG1fyaTGvqyeNOo0vYzov6mA0gc2xIlFOw7kpcnlp.JWSgKUujk',NOW() );
[30-Sep-2017 21:21:18 UTC] INSERT INTO transactions_paypal VALUES (0,'a7a55182f6be265e645003ec0b78a062','MENSHVEQ5CZGG','9T9940082Y8718603','AWwYRmEVXa2hkinRcPZkZLHWUXgKA11dUc3sYNzFtdKnKnkCqdfY1yoa',NOW() );
[04-Oct-2017 11:35:10 UTC] INSERT INTO transactions_paypal VALUES (0,'699ea97b1b4d94d15bd0c6f011e961e3','Z45779JUPU9MQ','00791145AT9650510','AQBB204JzfcA15lxJIhM6rcK3WupA8cb4mbZ6-5zUoT-ZocYk2Rm95yP',NOW() );
[08-Oct-2017 09:44:18 UTC] INSERT INTO transactions_paypal VALUES (0,'e4268fac5825d004cb524d457dd9e05e','MENSHVEQ5CZGG','16H51355YW581712P','AjuLeCgC0NUmQ3pY0U52Tk9DAQ9jAO71JowOe.t.9tDRqX0JQIKdKX5m',NOW() );
[14-Oct-2017 18:24:02 UTC] INSERT INTO transactions_paypal VALUES (0,'79e2c23b160fa67354c52c2b1195eefc','SP3BTNL25A63N','36L876113G720542P','AkHW3U0FQS0Hges8WAUioCBHiw81ApoLy5WgkPOiEF-MoXCKWpEyRB9V',NOW() );
[22-Oct-2017 16:37:31 UTC] INSERT INTO transactions_paypal VALUES (0,'a63ef22cfa798e2f27a299b13988da70','HUX4NXG4RH2TC','6WW13341EN691604S','ApFd97-.1kP6soKZaUBEG9qhJxHDAjwaecOtcpTcHB5iuiq7GP2GFpIc',NOW() );
[24-Oct-2017 15:58:55 UTC] INSERT INTO transactions_paypal VALUES (0,'1ff765ae7afae343036f178a76afd081','YVPUEBAZAAY3J','5BC903339B3264300','Ax3r3deGHc8zvOTnoQx8U75.j2BjAsiuJPAFO4ztYu9skqWppcM0pTSF',NOW() );
[28-Oct-2017 07:53:41 UTC] INSERT INTO transactions_paypal VALUES (0,'bd399ede1b978c7192e5c3a3e479df75','AVM8Y9JNYJRNL','7BC827333B243735C','AOsXBO37ZQX4PNZFjw4W8ipZWtBAA6txxC6VfJgNH-h10sZui0vSSaNJ',NOW() );
[28-Oct-2017 14:02:18 UTC] INSERT INTO transactions_paypal VALUES (0,'07786b03b0a3138b974ff220ec01672a','EXEA4LVGY22SE','4GR85925CV334992M','AC6KA2xJ6cFO8R6e52LB93Ge5xcmAtqqVsWuULGFIyL4htVzvaMULtAk',NOW() );
[29-Oct-2017 21:54:05 UTC] INSERT INTO transactions_paypal VALUES (0,'b203321b7e3e280fd7ade412963fb273','X5WLXM7UXJBQQ','89E81054BB4950354','Ap2JgwauV-A6NNWkuI9txSwZSgwaAKoWak-cv5sXIOxL2iRLITszz14K',NOW() );
[30-Oct-2017 11:10:55 UTC] INSERT INTO transactions_paypal VALUES (0,'8c7b20c6df79d2f14a960e968600d71e','P4GTXBEYNEJ36','8EK68723J91365819','ABbcpukTWr0tvT7rzdfyK1acdeHUApHF9jr15AkL.XszN2Q5MAlJkV-U',NOW() );
[30-Oct-2017 11:29:25 UTC] INSERT INTO transactions_paypal VALUES (0,'f9cd4e8d3c20bd45fb6ef811abb96af7','P4GTXBEYNEJ36','0U2932433N547722W','AOiV6Yl-gqjHArfBFtxbOof6FchfA5nfKQZB4zPY7GHiKfL7Kqairia8',NOW() );
[30-Oct-2017 13:17:30 UTC] INSERT INTO transactions_paypal VALUES (0,'6ac60b503cfbace55f4c1744c2b337bf','6TKMM6QYN5Y88','83R88417EN326460H','AyPRRl24BQmucg333hcXnUV80hXxAq9N5qLiqnVKNLDqOr4uAB.YBI9i',NOW() );
[01-Nov-2017 11:07:07 UTC] INSERT INTO transactions_paypal VALUES (0,'e07d15486f17c45faf14da2e3e8be049','LRP9D3GK4N8QG','0GD894236G738711N','AXuVH-85H32BeAzb2.6y2nG5QMjaAGY8TnLvbXxCsojN6xY61OZCPoUR',NOW() );
[01-Nov-2017 21:54:09 UTC] INSERT INTO transactions_paypal VALUES (0,'67745a9f3521e5bfa85033cf1b0191ad','AGMGTKE93884E','2F231472WL7493002','ApVvRNkvx8il4vpvaAOjDooGYU86AKJv4UY.yxuoDR3RNlwNy9Oo1267',NOW() );
[02-Nov-2017 10:29:08 UTC] INSERT INTO transactions_paypal VALUES (0,'59713fca36c9abeeabee7844ddd0b5e1','GGH48YGQV34UJ','2G05347067804211S','AqQKgFeZck0GG5ZqRP78KsVURj22A8BY5WyvhfzwlnR9sBROXP1dgcYz',NOW() );
[03-Nov-2017 10:26:15 UTC] INSERT INTO transactions_paypal VALUES (0,'771ab237dac36aed60be457966ac26fb','PPX6ER274W2RQ','2HC65190UY1498049','AMG.fctThVMOeitqHCgDnHs3TQF6A1c3Iza-cgL4oSXbVqMKy3Qc1cAC',NOW() );
[03-Nov-2017 17:57:13 UTC] INSERT INTO transactions_paypal VALUES (0,'0ab7b0916137ec040d42cefef8879376','P34S5FXM8DXVW','7XN49093LD803550D','AECU2umJxGFHtB8KalDAPB7RjcIDAE6WNP.Cwelk8-h-.IkMt9uzZwLs',NOW() );
[03-Nov-2017 19:18:29 UTC] INSERT INTO transactions_paypal VALUES (0,'cfd8e4da37cfb597f7ef7af22f476944','E9LM26LHBQNRU','0XB18308K1242412Y','AGSO1IW1F3wwvjvojpq.NLEBbFTCAzw8f.Y1PGAVNGBJiKxui9a6wrjz',NOW() );
[04-Nov-2017 11:41:11 UTC] INSERT INTO transactions_paypal VALUES (0,'ea644eba42165e2a31bd4992a9e062d4','MEVHDL4KQCEY8','68J00456K9638250W','A.7Vs6NlgsdJMPhS8Y4LLFBwfUDvARMhQnNeB0Ds-5cEPi2kREfMORtX',NOW() );
[04-Nov-2017 12:22:38 UTC] INSERT INTO transactions_paypal VALUES (0,'75e9c91d17d04c1c558730feb20f767f','W4W285ZAZW9DY','9WR68173HE325613W','AGa1ixs9hP5kulWcFyKCFYN2TUQgA-HIQ6X60clIa2a5Zw4xMFnhXj0Y',NOW() );
[04-Nov-2017 14:08:28 UTC] INSERT INTO transactions_paypal VALUES (0,'de039f776bf2034125e7ca1820bc38ab','5TFZQF3HPZAZS','02F21663ED306191K','Aokbb5EeygbNtSNBKyrZObyMVAFCAujsOXeJNilznrLiUZLKqFnn9YHE',NOW() );
[04-Nov-2017 17:07:16 UTC] INSERT INTO transactions_paypal VALUES (0,'c70fedb4c6ac047318c49dd83e5e3b30','AGMGTKE93884E','7BE20490YB612960Y','AWQJ01O5lzkLsubS.WSQMvYSaKzzAxQtt9U38HCmYf23btaWPppl.59U',NOW() );
[04-Nov-2017 17:11:08 UTC] INSERT INTO transactions_paypal VALUES (0,'6c806c72d633bb41d317b14599a68df1','SJ86A9JY7G4RL','7PB12676WM913003V','Ay7wjxoxAsokYeeichofVeKI3KuiAo13J..HCci8NT7HUsXJzn.alMSO',NOW() );
[05-Nov-2017 00:10:41 UTC] INSERT INTO transactions_paypal VALUES (0,'5394c405018618ab919fd7ab764e9a69','P6VECVMGRMHRQ','1SU08649LN6980018','AggBdRINMb1U8e8bprkXSSMDiWuNALH2wFQHJZQ5SdfbNXS2rGvluRw8',NOW() );
[13-Nov-2017 22:07:45 UTC] INSERT INTO transactions_paypal VALUES (0,'1d9f09cb7aadfa409d18fca6dbe36a24','4CT575F9CBQSW','5G97273957997640H','AQfAuPGOinrGxHJ4GyA4f0Ez-glTAQ.PRMh9EoF9BPzz.HAUCTAwuyPp',NOW() );
[14-Nov-2017 09:18:17 UTC] INSERT INTO transactions_paypal VALUES (0,'4015c270eb1d6487158d15783348a193','MCHVX34VXL2Q4','58R96891WA2033600','AYr8iBiFTzFBi20skapMDizgI2UTAtW7YBFSNT2OsYArVu6WH00pXGec',NOW() );
[14-Nov-2017 14:40:24 UTC] INSERT INTO transactions_paypal VALUES (0,'aa005c53956ee5b1bcee37cfe67947ec','6TKMM6QYN5Y88','5LR347792H447924F','Awb7zTx94MGI4GL5ksGzX0Sjszz0AMYielNs72Vi7xMDuwhSn2mJjAJy',NOW() );
[16-Nov-2017 13:27:47 UTC] INSERT INTO transactions_paypal VALUES (0,'ab94023a717a5d67fe58eb627d8767cb','36SN6ATFGA5BC','1NF1879644007863E','AlrbvIKR4SNkj6McV-yJEGgTxvfBAUi22meaB1-.fiDTcYa5XeypRmgW',NOW() );
[18-Nov-2017 13:50:40 UTC] INSERT INTO transactions_paypal VALUES (0,'b7abbe17143ec7693da5e47422fc21ef','XMY3B6FRVYBJU','7Y869840264557337','ATPN8.Un58vQv-5KUkr3xZuAvW3BA9laTRoLVwYCUPF4N5SN0Jk-Amol',NOW() );
[23-Nov-2017 11:51:49 UTC] INSERT INTO transactions_paypal VALUES (0,'ddcb5d3d17437aafc4632df84977425b','G7QSRXEJZBREJ','68A74992006007447','APJQ6OoFd2Xvm1g5406l.YAwt82GAOAqIrBzJXkdVT3dCgeiTXVzUGYj',NOW() );
[23-Nov-2017 20:35:00 UTC] INSERT INTO transactions_paypal VALUES (0,'d6a36fcccde64f9b5aba14e3a9934864','L4Q5Y735L3VHL','2H2256959F916230L','AqlYBPl7sixy-dK.Gjoi.hNabJvVAT6JQu8Tews6SBKegfbYXyUbqjDP',NOW() );
[23-Nov-2017 20:42:08 UTC] INSERT INTO transactions_paypal VALUES (0,'575a4f62b5570bbf1b1f7f926018b71b','UZNLE2EZAY7VQ','96P22077AY0288825','Asu4YW8885D61S8qXlo8hPNTN4VMAhR056cC6MwrK8hueMcJpy3fnbYc',NOW() );
[25-Nov-2017 18:11:54 UTC] INSERT INTO transactions_paypal VALUES (0,'b2d056cf1209c204062dfd6b0988c727','A6HAK9YRRCGM8','3WM92114CW154041N','AY2AYilwrPL1TFBXf22MN80-O4NrA0koXtNscCQ-SCrKvuBhy.EC9.EL',NOW() );
[05-Dec-2017 22:38:44 UTC] INSERT INTO transactions_paypal VALUES (0,'ff268db97bf6b9073fa93851dad15b9e','NG9T28373ZAAW','0CX6995564205481G','A6jC9OEYSxDIhJyRxp-cFb5ugoadA9y3fBOpPIngP6HjEoWLxtLQfBK2',NOW() );
[06-Dec-2017 21:28:19 UTC] INSERT INTO transactions_paypal VALUES (0,'854dd23a336c07d1e7c7f735cfe3ce72','AVM8Y9JNYJRNL','7JM53655TJ180540S','Ajsjrvd06lHDmtZ49cbyEbaA3vrmA9MHvD-TAo-SuDrdRVCcWqdnaykB',NOW() );
[07-Dec-2017 11:58:18 UTC] INSERT INTO transactions_paypal VALUES (0,'c39bb298a55b89b45a532226462b176a','RW3U9YW6DF3LQ','2WU471203F711721L','AsRdIipaDsnUBo-CpCFCiWRU8qw0AJma0vx.WVJmzRhmz6xeGK6eAayT',NOW() );
[08-Dec-2017 19:26:51 UTC] INSERT INTO transactions_paypal VALUES (0,'f81c32e3c6e64e06e2557db45b7d41a2','EXEA4LVGY22SE','09V75406K79985313','ALDQdMjRNw57owKwbVyOnqwtOxB0AkR-WLNB1LOHIk-93Y0QXmC6kLKl',NOW() );
[09-Dec-2017 20:56:11 UTC] INSERT INTO transactions_paypal VALUES (0,'02152461baa99adac2765f3796ae4574','P4GTXBEYNEJ36','99F329956D7720629','Af.oWwUb4rwJoY1F-EjElTRsjkJOA-tVCPjsAiNTipsvB1wdY233TSGI',NOW() );
[19-Dec-2017 21:11:49 UTC] INSERT INTO transactions_paypal VALUES (0,'e7a93880e634133602572dbf37692675','36SN6ATFGA5BC','3V574722K24623731','AwJmmXSWfPqm4ONmKoP6NxojktNYA5qPSbHcx5YZRHwrHpZQ2GqFgHxL',NOW() );
[19-Dec-2017 22:42:20 UTC] INSERT INTO transactions_paypal VALUES (0,'19a8d4d1eea6ae7bff582626d39ce6b8','XA9F752URZUL2','48246037G3762664D','Av53lwiDqYGt93pqSyWM0H-p2Qr3AEcaNpMAddxgzIGAE6mRAyLGbeza',NOW() );
[10-Jan-2018 17:02:47 UTC] INSERT INTO transactions_paypal VALUES (0,'2ee2b313c28b5cec60b18d7fb5830367','6TKMM6QYN5Y88','6NT33815697867912','Aim3zh4jgGXmZzMaItHfcTrLX8CZAS.YtS829NYyzn0czTQ7.zgid8hm',NOW() );
[14-Jan-2018 11:14:29 UTC] INSERT INTO transactions_paypal VALUES (0,'f44dbdab763dcc6b43a9f8cd06741a20','MCHVX34VXL2Q4','7LE67467T6431032P','AzYcm6m24F6F-y53I3ZEiUbJMpbOAh2VaRZXOEXyI4-GAeuhq89b70oy',NOW() );
[15-Jan-2018 21:46:13 UTC] INSERT INTO transactions_paypal VALUES (0,'02ecb6669d6cf5764dbcbf5dd9681499','P6VECVMGRMHRQ','4P065810SX8121746','AeuzgHyJND4ykqoGfLg4Q1mJa7NoAsIMQefcf4niGT9sOEvBft7CAYU.',NOW() );
[16-Jan-2018 13:51:30 UTC] INSERT INTO transactions_paypal VALUES (0,'a3f6347a9282bde58df811c1a6331e08','MEVHDL4KQCEY8','37V66665SF637270K','Act8B9qm85m5HvvnnjzR4540kYm4A1bvpGzY44-ezONVtPqhT46Os.vR',NOW() );
[16-Jan-2018 15:06:38 UTC] INSERT INTO transactions_paypal VALUES (0,'18e9233ec718fcaa05c08d3f3dd95286','GGH48YGQV34UJ','85J454641V731260F','AujMSiO8t96PQgFODuCmEN3ywMSyAMauHr8H0qON057PFcxQ73JuQylZ',NOW() );
[16-Jan-2018 16:41:00 UTC] INSERT INTO transactions_paypal VALUES (0,'22d20aa1888a37546be2ebd428557787','UHLDGTK5NZ2T4','2FU66230A15535505','Af6ejt-V0SPVTPPYfg1WNOmOjaSAAVISM.qNt.B1yPDT69Atb07J.St5',NOW() );
[17-Jan-2018 12:15:30 UTC] INSERT INTO transactions_paypal VALUES (0,'f3b5b6dfc1f868fc6f949064bfef0952','EXEA4LVGY22SE','6WU53401A1869271C','AO0nUuBu8RTHl8.gz71rpnunRQQ.AGrQsm5aLV-GidIp-GMWMpWLmGVF',NOW() );
[17-Jan-2018 13:11:57 UTC] INSERT INTO transactions_paypal VALUES (0,'c2b702f931ecf3861db0412b9c3b9c73','6UPM9FB6UVHRY','0N488607TT420573U','AirPrBWDSl-Y-QpbX6rCNFTdhD2eAIZSNBtQM7YpcakYcdSsPPOn0jR.',NOW() );
[18-Jan-2018 21:50:36 UTC] INSERT INTO transactions_paypal VALUES (0,'717598479170b4498cdddbfeb9b2016e','SJ86A9JY7G4RL','39A16361JN354851V','AGmnEPJMIVw.qRwgxRuZAZdqMrg1AKkvZbEdV6d.9bqgh7kr8Xo5ta.y',NOW() );
[19-Jan-2018 10:50:58 UTC] INSERT INTO transactions_paypal VALUES (0,'7a4c680478332be015b7ad5d9eb5fa8e','LALFDBGJZWX9S','2JJ40409AC224801V','AmdRObEKK7trKIS0AubTRQ20XAvDAwU1yr95.p72GGc4B-rrWNZVl4b8',NOW() );
[25-Jan-2018 12:10:44 UTC] INSERT INTO transactions_paypal VALUES (0,'cc2e3ca42215e4c0b2b9bcda52ab419f','QW3BPSQETREWL','27367345NU9220705','AfWAZym97ZBZZBeSm2PANyMtxRcEAMklQxCs3T8MDZVZ1aPHWA9LOKPx',NOW() );
[27-Jan-2018 14:19:13 UTC] INSERT INTO transactions_paypal VALUES (0,'ca7b10abcd47e77b3695eaa452ddff77','C3MF3H9N6RNNS','26B08579UL052154Y','A1X7l8F1DLW8HnBNC0tJsQRj9D8lAxcg1WSK6Z8cYj5fc2ZjGVsmxKce',NOW() );
[05-Feb-2018 15:37:10 UTC] INSERT INTO transactions_paypal VALUES (0,'24dd1a09b4ed994e8fd086b1e3312ac7','B5UPKFUDCW5DL','4P160301LV865850F','Ad6u06KfA0lV2UOujRF9kzP-.Y14A3Q5.QPJPw8rp2YVQUU8EqYmzRku',NOW() );
[26-Feb-2018 00:08:12 UTC] INSERT INTO transactions_paypal VALUES (0,'ca55d60bda0d2816c6fcc6ee55017b11','4NMHCEMCLESGW','4S916389UE7955747','A-jwhN.X9.jQZRfouZ.G0rs5ZhUFAvuiEbI5oeEZur4Ghd85Np928WPK',NOW() );
[02-Mar-2018 23:55:19 UTC] INSERT INTO transactions_paypal VALUES (0,'bc23f5a630f686d96904df74cfe12815','A9GEL3UBLJ9HG','90J941739C663121B','AuwzuO9OH0PHA2qQeuyQqndNEQ8-AJtQWUnm.vywhE8xrjw8vwieyQjl',NOW() );
[05-Mar-2018 15:19:47 UTC] INSERT INTO transactions_paypal VALUES (0,'20d12fa639c30c8984d63c584d981b85','PP9QSZD37M8PE','1RH56837P1393293Y','AuPlngxZib8eLoAHDVdVoqsUdVXmA9c54p5otI5-d4Bfy-bBaBFIHZSC',NOW() );
[27-Mar-2018 20:30:27 UTC] INSERT INTO transactions_paypal VALUES (0,'97f6c601c6bf36f169b1b3370a8941f9','4CT575F9CBQSW','5F953403CK451890A','ALv-kv-nw-x1F5XO6wuIGE0.49KdAD5NwVAAr0jBNYV0jwXzAsYGRonj',NOW() );
[01-Apr-2018 17:04:32 UTC] INSERT INTO transactions_paypal VALUES (0,'f937ecc4938c9c81ec729461ac59a7b1','NPSNJ4S5TMUCJ','5M1540590R0707543','AOL75m2PrQGNxSCR2auDq6s1ylNWAGMFJwtZF3ZFg7liQ3x8MqIVj71J',NOW() );
[20-May-2018 21:10:23 UTC] INSERT INTO transactions_paypal VALUES (0,'797c765f1b7a6bcc99533ea303ea01af','Q7W96Y66UKCUQ','9SS53545DT635113T','AG6kJ4OnpkrtS37AksIbWWbL8MeSAYi3nfKOcqMvbNVTcfz9BOt6kWZv',NOW() );
[06-Jun-2018 19:04:44 UTC] INSERT INTO transactions_paypal VALUES (0,'8198a4c47957ba6413649f2e21069383','7N99NAZDPKDN6','3YE27730KL0757920','AS0FWLfLe0FZCHPpy9qNJqTwLRF.A7GoQVOOIXbv-CAITwPLcmJJuJkx',NOW() );
[07-Jun-2018 10:57:50 UTC] INSERT INTO transactions_paypal VALUES (0,'04e4b0e813329ed62f3707da9761c411','APM2E4GUQNUJW','73F21229T3260290B','AfiMwy93lmyq-DrMcaHkk7ixXH84Ap.RgiDu9vtmeWslyhrr6-A0az1B',NOW() );
[18-Jun-2018 17:35:49 UTC] INSERT INTO transactions_paypal VALUES (0,'a7766d19f7c8f7e0026695e2ba756a3c','G4HCXUGQBH344','6A092372979203105','AQhT9VjCC3CqeTPCKZxruthDM8nmAJ-R0AbTE-YphBy8l8UNPnsiPas0',NOW() );
[19-Jul-2018 12:39:32 UTC] INSERT INTO transactions_paypal VALUES (0,'062590f50af5af349dc5b97a609f4da6','6UPM9FB6UVHRY','70M449930S721891R','AKQfFWJ0ZFHO6WVhW6eE.fupdKeYAk4vI8.Bt2TEdUC7T0K68r1Sl3cZ',NOW() );
[02-Sep-2018 16:53:39 UTC] INSERT INTO transactions_paypal VALUES (0,'eb31185b587f18a0d5787c11d7e8027c','Q7W96Y66UKCUQ','3Y307396RD529623B','AjEiQMbAFtoNG9ulCphESQ-bw8M7AxXyMcgISCzJ4oTSlu23OJMOAUv3',NOW() );
[21-Sep-2018 17:40:33 UTC] INSERT INTO transactions_paypal VALUES (0,'77c40ca379a7d0e85c5708a157a09110','U7LNQD5NTDG32','6BM65131Y1108300C','APacFr1ov.kTphklCbQ2XwTJqRMXAGek07ibN.9QtHufTNA-JQEZpfOS',NOW() );
[22-Sep-2018 20:52:58 UTC] INSERT INTO transactions_paypal VALUES (0,'0f797ad623ce87ccef85700979079bed','LC4ZZ47NXVA2Y','8UT873819A765262D','AXft2CqpuKDpJhxuKG91e.ukyIBCA2jtxUXc6yrTk2NdvV8WqnyD3vK6',NOW() );
[07-Oct-2018 16:07:02 UTC] INSERT INTO transactions_paypal VALUES (0,'c816dffcbd07b9f3c1b7d8a87fb4ab60','RLSLW8FUHLQUA','09884215RD088441S','A5jOApnPYair4ssFf4AILyT1oX9PAoODmcKdrV-dXHJUNOjKlI7GQ-tt',NOW() );
[08-Oct-2018 23:04:03 UTC] INSERT INTO transactions_paypal VALUES (0,'3f8e5a94e2394b1112d24822e107dbbc','SE8RTASALUM3C','6FG57582977395931','APpn8o-tuVGvWQ8ah5chfphm4eizA9AJTrjAAcBQfhk8kKfDDJW.TXRq',NOW() );
[21-Oct-2018 16:41:33 UTC] INSERT INTO transactions_paypal VALUES (0,'b7a7bd3630508112952e302ea2c1a135','Q7W96Y66UKCUQ','89D57108JX7619433','AOZeeQJw2pDUL0PgauunYnuPwauDALxrCSg7qQrbO9y-3oymiyG-.605',NOW() );
[22-Oct-2018 21:15:40 UTC] INSERT INTO transactions_paypal VALUES (0,'f5b8d8bbcc467bea61d06451b0a6848b','TRHWB3PU89MKU','7F4684050E9899020','Ayo7Q96LmLFvpkQa21BIHSpT-7V1AZlNOMWCYqj2JIxTUoL10Ru6oRLV',NOW() );
[27-Oct-2018 13:57:35 UTC] INSERT INTO transactions_paypal VALUES (0,'45736464e908b22c9556c8b10ad2a34f','S4B8HN4Q64XH8','2E225511B67643235','AR.ZMRCnjNtLQoC9oS8yeK5Vtv4xALYbwitDESzFu5t0IzqfkjXSCyos',NOW() );
[29-Oct-2018 14:17:55 UTC] INSERT INTO transactions_paypal VALUES (0,'fdc8dc1bfe872adb5f1c8d9c5dbfe943','EXEA4LVGY22SE','8TB50468RU669543V','A1n92URT5Td1keHyD9uuK59y3q1-AKUXfqIQaOyfAGmpykyzcSH3quU2',NOW() );
[01-Nov-2018 12:48:49 UTC] INSERT INTO transactions_paypal VALUES (0,'7bd1c6ec1f3e6d03033a7127bc5e5410','3KVCCCCDFF64Q','90Y85298WR3377126','A49wgghd8vzhUNLpC3vZ7ieCMTVoAnDg9l.gde4EfsHKW.SXKZf3y6XN',NOW() );
[01-Nov-2018 22:36:29 UTC] PHP Notice:  You have an error in your SQL syntax; check the manual that corresponds to your MySQL server version for the right syntax to use near '' at line 1|| Pergunta: UPDATE membros SET activo = 1 WHERE id = ; ||  in /home/adotinne/public_html/kernel/basedados.php on line 44
[01-Nov-2018 22:36:29 UTC] INSERT INTO transactions_paypal VALUES (0,'d22e6c8a75d7eecab748f774f42fc80f','QAEFGQ2ETSFA4','83K23305J0022133Y','AFc8v7z1Q8M0jEJ.yrbvJ0uMNTgXAZPATPgo-COJePknzG-XHmkCPqIN',NOW() );
[04-Nov-2018 10:18:26 UTC] INSERT INTO transactions_paypal VALUES (0,'91550832a249ae289b69f28e8bc90e4e','PKPZD8EYGCYH8','5F178562254965006','ArBv7vW9A-iAUA8V0ta9Xfd.gI2tA1Je0uCEzG2mGz-Fq3JGl7Q4gu4i',NOW() );
[04-Nov-2018 15:35:21 UTC] INSERT INTO transactions_paypal VALUES (0,'3c79762d4d4ab338b7bf50606b443894','GXDPE7YTM65U2','45T709572H0800536','Aff4ail46hWLgjBscibahYGdFyIVApAebH9RwCIodDjcsaowG6FAelfM',NOW() );
[04-Nov-2018 17:30:11 UTC] INSERT INTO transactions_paypal VALUES (0,'492a45c993ca9e4db2dc8ca146174041','4MYEB6QYP6BHN','1U342590VH3109806','A.wFHhJjWxVJFLRV-IL1f5mg0JgYA-rhbzmFwH5nYC6jF6G7ODQr6kYt',NOW() );
[04-Nov-2018 18:38:57 UTC] INSERT INTO transactions_paypal VALUES (0,'08c2aef3c58b5304c84dac98a81e153f','WQ6UNSTAAM4PW','0JE56891UH562190G','A4Q-NAGaJEzIf1sSdd9rLMWtHcvHAlLKSpB9Llu4XeUH7h5RGrzPzNsS',NOW() );
[19-Nov-2018 19:19:03 UTC] INSERT INTO transactions_paypal VALUES (0,'5534691947fe695c360083b32ae58937','SE8RTASALUM3C','3FU972582X387341Y','AyFj1z2bYPT0Mlnt15vGdwnUmm16AvHwt-fFJ-Gy7Wh4phAdTi-D-tr7',NOW() );
[27-Nov-2018 16:07:26 UTC] INSERT INTO transactions_paypal VALUES (0,'480c5fe8593d82966719e0a3669b54fc','893DPN3F3R9G4','4AR09988E0174820W','AuMKMQIDPheTai1KFEXUaq9OMBnxARZKzZlW6hPhJzrR7v.ibThBgE0a',NOW() );
[12-Dec-2018 00:20:09 UTC] INSERT INTO transactions_paypal VALUES (0,'73f50d0b29bbb3569fd0f120a149e3b2','U64ZXPPQNUGH8','73H55116N6974821E','AJ9OBxh6VZGAfTjS6F0KVFUSWPs3AVfYZ9W4oBXpaQXwLigVIHnfNc1R',NOW() );
[30-Dec-2018 20:29:58 UTC] INSERT INTO transactions_paypal VALUES (0,'612e034b6a7968dcc96c31865489defb','UP2RESJU4PJVQ','2HK93622GE159303P','AP2dAUjZuBgxThEnCceEuZ5JxXCQAyPSXrMOt5BojfO6QKXJMSabXy05',NOW() );
[31-Dec-2018 16:57:22 UTC] INSERT INTO transactions_paypal VALUES (0,'04fa875ae2fad3701f11adc73125c243','7NSBH7YY9PYPA','0JR8517477294371V','ArAnagMHKeZVCN.LkuF1IXWSw-SDAlSUv-ysbOdsXJhAPXTf4BWNJpvb',NOW() );
[02-Jan-2019 16:04:59 UTC] INSERT INTO transactions_paypal VALUES (0,'81399746d559c5bc030901e766df37f0','GXW4VBRUUBEBY','70S652733E851902X','AROmIO82S8XpPrB.A7WNomFQ.DQcAwZaBO8MFqnQymI8dvb-hpteArS5',NOW() );
[02-Jan-2019 17:09:50 UTC] INSERT INTO transactions_paypal VALUES (0,'7d72d3ceaf2e05992e5207d2b0ce1b6d','4XQ5X22DJ8N58','3UN27958AA1205121','ALFgi8ofeA-6HuFl5AL7sH8tfO1oAXA9W58iASj5PsZoHDRFJmJFx.N.',NOW() );
[02-Jan-2019 17:44:55 UTC] INSERT INTO transactions_paypal VALUES (0,'1e3acbf4a248f32d962b67ef308cbef0','XA46HP2K3369U','1VP54786T7348400B','A25S80wehbt8obUsQlBFp-jPqU1fAL2-5gv8TiXic3FhAamqTs4Fjwqg',NOW() );
[03-Jan-2019 16:07:56 UTC] INSERT INTO transactions_paypal VALUES (0,'e462d82ec97ef0ee506c5744a1a561a0','PPX6ER274W2RQ','0NV22821B36253818','AhyygKtb9O.BzRtcbNvieJQyZWHYAsooCnBT7eGj06nq2VWWkKu4s1Kd',NOW() );
[04-Jan-2019 13:26:05 UTC] INSERT INTO transactions_paypal VALUES (0,'ab54a9ba1c2be737e6bfebeecd65f5fb','PYE33S99KGGLE','54T81282L65524302','Ag0HINxS94y6caz-YnFF9JAhsB.8AACn9wX1.eUqtkkbM6QzSqV-8fYD',NOW() );
[05-Jan-2019 18:45:54 UTC] INSERT INTO transactions_paypal VALUES (0,'b97fa8433912de571bcdaf0a41e10cae','EXEA4LVGY22SE','2AL72374TF118635Y','A36Po9PQs2gS2yYkK8Wa0bUXTFqkAcfhpqMK.48lAC7gfu3Bcqby6Agf',NOW() );
[07-Jan-2019 15:58:30 UTC] INSERT INTO transactions_paypal VALUES (0,'6d466a545cf9fe6e177c6c635570d63e','WQ6UNSTAAM4PW','8RX3774062144123P','AaVJX8iQPsIjYMDD.egz0tklVMXlAxcGSCvCEaIAAFRxIm1xVmCllaCi',NOW() );
[14-Jan-2019 18:27:05 UTC] INSERT INTO transactions_paypal VALUES (0,'1b4f2cb3824129fd6d88d62b33e2913d','GDJLUQUUVJTWN','64745705XC4999929','AETCQ0iTm83K5Z0.ecEgTuIBlpguAbyGhbA6t85A1CG5Uf9792BKVMYt',NOW() );
[26-Jan-2019 05:35:17 UTC] INSERT INTO transactions_paypal VALUES (0,'3f950673eb167e825fe6b344c42d5dfd','VXVC4B3XTDVW2','24264058US938461L','AMRdTuh76DU9p2DyU3ULqDI2EU0rARkJlPaVgwnvDGobvNkoDqv05Ims',NOW() );
[12-Mar-2019 10:54:43 UTC] INSERT INTO transactions_paypal VALUES (0,'22b585985cc98746a6d691de849b083b','L4CZDP2MUUSAY','49Y30437CN358511P','AAlyXUKKrm4Ti.5gPVx3f62eQrbiAUv3DTXQWWP2kji3mAWSRc36I1Jy',NOW() );
[13-Mar-2019 11:44:39 UTC] INSERT INTO transactions_paypal VALUES (0,'4a3f47d1c35d6d0cc91e254881306a6c','PU4M59SR4PVVL','5G832726XR960823L','Acf16-aWqLFyM7UporxZtsyrvSySAW8iFuVLWDPstJ5QjkJRM5NWVG1X',NOW() );
[15-Mar-2019 10:44:22 UTC] INSERT INTO transactions_paypal VALUES (0,'3608353c6f8b6d2d5b26bcd7f82c5a67','QER8UW4J727QU','01X92575J6262531Y','AMco.T8C-XfNKL0wOHjCQJNGxgEZAB1u8vWmoicR6yHwVvl2BB.xw0ry',NOW() );
[20-Mar-2019 11:56:03 UTC] INSERT INTO transactions_paypal VALUES (0,'1a593943d1569c9e633a1684ff60b11f','LCS72CHNYH7KE','2BT82064R1152173H','AloET63C0TRnAzQLXYeuCH-NWSp3A5WLUUue2dXxheoYKItscLXyBQjZ',NOW() );
[21-Mar-2019 12:27:01 UTC] INSERT INTO transactions_paypal VALUES (0,'82139fe9d57cd212fcf6e5cdf47b9dc5','LJBHGJ4SKGRA8','4PS59952LR131011P','A8bFUsN5yt67IobOjPOjupopFNrIAWUAANdUO6gg8N0.0IEZ64kc4bvn',NOW() );
[05-May-2019 16:52:34 UTC] INSERT INTO transactions_paypal VALUES (0,'d73e442010ed0451338f514a4cbde4fe','W8ESS38BNPFMC','89108716AU3188256','AvTCLu-UJYKwY01pxC.H4Te5y718ArxGPOuYMULZphT8l0Tsn0XgkYeG',NOW() );
[19-May-2019 19:36:34 UTC] INSERT INTO transactions_paypal VALUES (0,'58bdcb8c4e6db49de5d3beab0e9eba8f','NG9T28373ZAAW','1LL04650UL871361N','AjORm4ThD8XcBbrMWJEPJ5S4SdiwAjeRjaIkw27Qc8.6D0ze.UE5uwAD',NOW() );
[05-Jun-2019 20:49:03 UTC] INSERT INTO transactions_paypal VALUES (0,'83a2a11b7098e1c99ab7342fc37ab757','W8ESS38BNPFMC','0HA627790B1103101','AT3x.w2ML-nJEgaCJmNlwcSJN6dtAODHXZZbNeA-94HthIuu4LdS28N8',NOW() );
[11-Jun-2019 09:25:55 UTC] INSERT INTO transactions_paypal VALUES (0,'a02d4e2776ca4c8fcd03aae36c4dfff4','PTHN2EJ6FGTKJ','0S07293853187471F','AHH3F6v.D.IETVuDVS-.B1mfEOQGAhHT0Yezrs1KOTfymW.XFkenq5hm',NOW() );
[20-Jun-2019 12:06:05 UTC] INSERT INTO transactions_paypal VALUES (0,'50bb738c8eafc299e56b45c19f0eb74f','BE6RHUJKGNDC8','9VN683302T363130U','AVSZOdoN71sukPXmpnZi9f6gXS5tAvt8pdipcd6pevPt8IiZPSrbYN69',NOW() );
[10-Jul-2019 10:50:09 UTC] INSERT INTO transactions_paypal VALUES (0,'c77342e376f798de063bbe7f3a693d50','LRP9D3GK4N8QG','73L15908WN9545711','AxBgTAun3TFFnR5Y8FXMx56hiP8AAU4IryqOkpWNAARg36zTpLp7Eb7b',NOW() );
[14-Jul-2019 10:43:03 UTC] INSERT INTO transactions_paypal VALUES (0,'4e213348224cd38f0793a037ad051295','JM4CJDPRY82ZC','114180966C825840P','As2vhsrz6PTqy2wqwAEIwe9oj-9qAc3BO4mAR-Sbo3CIgVFhp.Mu9Tjk',NOW() );
[20-Sep-2019 09:59:40 UTC] INSERT INTO transactions_paypal VALUES (0,'5ebdf2e6f4ab7c7c970cd288c3a879b7','APM2E4GUQNUJW','5D968007UP6305123','AWam2B.j3xQg.e39UHAN68u.9MHpAXCfXpeWTWPcw8-2NEBVgkc9GACf',NOW() );
[23-Sep-2019 12:21:11 UTC] INSERT INTO transactions_paypal VALUES (0,'3d4f2bc63342b7b3c9e6e91ce8ba1354','APM2E4GUQNUJW','7CK06558P5780713Y','AFn.ALArFa13pEPyRcPt0W9c1xhbAq84nkvqzd61DCXPs5aTMBO4p1ag',NOW() );
[04-Oct-2019 14:47:26 UTC] INSERT INTO transactions_paypal VALUES (0,'aa42997fa0b0bf88358be048dbe0dd5a','APM2E4GUQNUJW','5WR45290XJ920033B','AvuLjS6.DPok4ffBHUwRh.S9DRjPAir4M5BtSojx3HvgyekQ1e00y2io',NOW() );
[16-Oct-2019 17:24:58 UTC] INSERT INTO transactions_paypal VALUES (0,'2828d91de8aca0e2795ca1ba95bc8b08','7E738M4PJS9W6','28T54832A14209811','AFmAqttpkUur0NPJajnjz8TLfA-kAh7i6.JcqqSLxfW1uhxbIV1b1rIl',NOW() );
[17-Oct-2019 22:48:14 UTC] INSERT INTO transactions_paypal VALUES (0,'10a530036769420f6db07d4fa67cce2e','7N99NAZDPKDN6','0B460717LG524131E','AiEfnIFNPfGcCLlK6qWgmXFdBGbKARBo9ntmtWLGpqcikBjN-tZo5beW',NOW() );
[28-Oct-2019 14:43:55 UTC] INSERT INTO transactions_paypal VALUES (0,'6e535e60ccc430f8343d20908950f859','DMHRQKV8SDE5Q','2126360344996521P','AXD2H7YLacgJvlUVv8QIbyV7zqP5A2SsuF57Ja18ufiA3fUohGKnyxnt',NOW() );
[29-Oct-2019 20:09:33 UTC] INSERT INTO transactions_paypal VALUES (0,'8026e8bbb898cdeac4035064b89acdb4','ZGGABJCN6V3RJ','2VS884834Y332053P','APLrbHeONdbLXUX-LavRTMBWcFn3AaiA7DGsIySiEdZSUFxLeZZ29gz8',NOW() );
[05-Nov-2019 11:59:27 UTC] INSERT INTO transactions_paypal VALUES (0,'5113c760fad87f555eb697fdb56c661b','NE7ZJ8GP7KYQ2','52N44456WD2909404','AOL75m2PrQGNxSCR2auDq6s1ylNWAvZmzkVJ-15mH.UXXOiYL.CN.XJc',NOW() );
[07-Nov-2019 11:29:49 UTC] INSERT INTO transactions_paypal VALUES (0,'0556d2de81a5f50bc0d60f9c81502d73','4XQ5X22DJ8N58','31E37842GE7002223','AKCkgKjINbGlEUUnz3aMMYLhRdEiAEGHFfNHBqMY29ivrA5CTf4FP9Vu',NOW() );
[08-Nov-2019 18:39:52 UTC] INSERT INTO transactions_paypal VALUES (0,'8e254da1713e9fd2ec34319876542f4a','XKENQMJS6XAVE','459965506W995635R','AGmi3g09shb7e1ffAfXPJB9kz4rZAHPUNXZMUfALePbsEf36p341ywt1',NOW() );
[09-Nov-2019 10:22:50 UTC] INSERT INTO transactions_paypal VALUES (0,'8881b2eb4823156f5754d66eca6b4511','AP3MKKS6LVCML','1TD92867KD7109516','AkFpyHTvb5i52SnBSUaNiGPlfFOpAOP6ouj3J5h78Mo6KCAx1u9sB1RJ',NOW() );
[09-Nov-2019 17:26:03 UTC] INSERT INTO transactions_paypal VALUES (0,'e68dfa07033b07d9e4c69f9fff18f4d0','DY2RAKU2B478N','4TD91725375574721','AK1FZWelGpDMLioAa2Qk2K3GC-.zA-hJQ4IOP.K1eb0R.-TdQ7J1wzPW',NOW() );
[09-Nov-2019 21:19:30 UTC] INSERT INTO transactions_paypal VALUES (0,'0202eca8f752854207fa1091201d6a44','W35KUHV65J5VL','9YG50835NG061364J','AhVPp0-I08YHa9mUA-E.bo-dfdKdAnieAlXE0JvZEZuenr.1XqLF3Rie',NOW() );
[10-Nov-2019 15:41:08 UTC] INSERT INTO transactions_paypal VALUES (0,'d209506068bd63ffc6e737e2194baa94','M8ENZ58P5XN6N','4YA24680RF9884632','AwB52F2GcEMVqDXagPUOTsXTFAdrAgIBq2-WK5zL9NRViO4f9LjYko10',NOW() );
[23-Dec-2019 00:12:51 UTC] INSERT INTO transactions_paypal VALUES (0,'ce3b411f6ac2077ba21a6ba56b6cf448','NKTAX8442DRLE','9LR67681214578206','AZPM5wLPdhqMX-FM6P4n3h0bL8J.Aok5XIKykmJxmzhAqoQ8XTx1FZ6i',NOW() );
[04-Jan-2020 16:40:57 UTC] INSERT INTO transactions_paypal VALUES (0,'bde1e26d870f6c1d1e355a49a7a90a2a','APM2E4GUQNUJW','6GT89355P15480846','AlLCqjZN0ZjM1XZPAEfBgREu5btFAOP9JstP.joAJiyJ5599SH-ZYYlH',NOW() );
[06-Jan-2020 18:26:08 UTC] INSERT INTO transactions_paypal VALUES (0,'ce02189b2ef991e2395e151fe524da27','9R6MPFEGU59L6','9X068327BK3519928','AfPc5WX9y2REdFXOH4lFU09kWJ2kAV60KI0IXsrnVUpvoaXn9E6ZSD2t',NOW() );
[11-Jan-2020 14:12:24 UTC] INSERT INTO transactions_paypal VALUES (0,'67e04b7d96de118974268d8346c6e5dd','APM2E4GUQNUJW','24G45795V1105322X','Aava5a5PjkoTVJC5ySPNXM1aESpeAI2drOjbAshZfkX7deQAicorPHtC',NOW() );
[16-Jan-2020 00:36:30 UTC] INSERT INTO transactions_paypal VALUES (0,'bca35de65c8a6cfe9e37c6d4508a1c1d','8WBPNCVKF2BN8','1FC1530653493543K','AKjulIo66iRYAAJ0xq7KsVd4udHvAICi3QbpyrD4P9hkqJTm7sRjDfnW',NOW() );
[17-Jan-2020 23:46:18 UTC] INSERT INTO transactions_paypal VALUES (0,'2cbf2caba4c62c6303474597d475d8b5','ENHD4SCRT3C86','6P6354498L035132L','AmW8vSdluvaZwRu2f7GaA9CvBWQRA6x1OeYQw7q565luyEyt0zn7r69A',NOW() );
[18-Jan-2020 02:02:13 UTC] INSERT INTO transactions_paypal VALUES (0,'38969db22d47658d4607b3d52cd4ebed','E72VEENM9UFE4','4EX30555DJ222102J','A6pleMXvtBgfrZfnzkcfyEwOU-U0AN1qWGC2NjLNU4Z65KDY7R.E-vXK',NOW() );
[18-Jan-2020 02:07:57 UTC] INSERT INTO transactions_paypal VALUES (0,'9a963c1abd86bc88e056c13dbe3bbaf0','E72VEENM9UFE4','4BV149237F4509444','ASEOXq.iS7QCI5UDJ3vaVa8vkd2mAjLx1J4V1CmqaJjoCNbN5RKboxdX',NOW() );
[18-Jan-2020 08:59:42 UTC] INSERT INTO transactions_paypal VALUES (0,'78600ba12726ca198ac44b9fa122996b','M8ENZ58P5XN6N','3L703437L3625314T','Al6Bz.wFvZhy0cmXkautQOjyMGLNAaYwQAVJyJx5UP7yyH-1DC2RWrMY',NOW() );
[18-Jan-2020 13:31:30 UTC] INSERT INTO transactions_paypal VALUES (0,'1997a14e792390c2e5d7880e1a81b3b5','4XQ5X22DJ8N58','0W5094358H983472S','AcL5TGHn6mW-QC.2T9gwi0O9X8rMA5DM8k7IrFUNH5igxAAYpFEY0aB7',NOW() );
[18-Jan-2020 16:16:16 UTC] INSERT INTO transactions_paypal VALUES (0,'131eb550dec9cdadf90664479fe53e12','4XQ5X22DJ8N58','9UY49574WG5917233','AECxvBBbBajWItSlVaXQNBb9q9cdA2A0pdNwqwWUBT2ZWJZcQ6rvdRRn',NOW() );
[18-Jan-2020 18:16:46 UTC] INSERT INTO transactions_paypal VALUES (0,'f2d57fd33d494757e14256431ef7ef18','SLCMGWZ9MAAL8','99A45925U45948236','AgNQeVyQ3WYQzBprZFdIyK6MyrC9AKfX0lqnrQBTSCdKZaHfC2Qalwyk',NOW() );
[18-Jan-2020 19:47:47 UTC] INSERT INTO transactions_paypal VALUES (0,'02f8b49eda6e1f3fe2bc6a48d086367c','PMAX3BLNLWULS','2NN424215X737752V','AEkchrm.KT0HaJOE44oKyTctplzUA9HoiD6Yt4uDmfc8z1lnnLREv7zz',NOW() );
[19-Jan-2020 10:34:02 UTC] INSERT INTO transactions_paypal VALUES (0,'845ef020b8a604911d3686863d82c949','NE7ZJ8GP7KYQ2','39866179SF329005B','A1UmJOO-7QKzNQ.iuyKxOmUQJZPRA1PeZ4hv3KwgANiEQJYOOqCg5Z47',NOW() );
[19-Jan-2020 12:59:02 UTC] INSERT INTO transactions_paypal VALUES (0,'34a5241ac2b17807cbb6ae5f717b9f91','APM2E4GUQNUJW','9R8408395F1100210','AQTCdLhWhvfPZgLkfd5LgoXbJqWmA5y-iXA0vq1FY9zkIT8RnNU2.Hj.',NOW() );
[19-Jan-2020 18:10:23 UTC] INSERT INTO transactions_paypal VALUES (0,'4623959b3f63830f8bb289e5085c9d48','3KVCCCCDFF64Q','6YM00697XY647701L','Ao0Q3Sg5r.dNJSdTqkj0iVUFDC.wAL8pyCTvXpMakZzo0UT6P1kadpqe',NOW() );
[19-Jan-2020 21:43:24 UTC] INSERT INTO transactions_paypal VALUES (0,'434871b58f29c6443bc31381c6fe38c7','BUJ9R7E6ZVAK6','38J58667L4177520M','ANZiQU6ny2gR7mHqirMBSmkhxwmXA3kEf3UL51erVb7xHWYTZR48EONo',NOW() );
[03-Feb-2020 12:37:31 UTC] INSERT INTO transactions_paypal VALUES (0,'147dc0ade46a37905181ab438c41873a','APM2E4GUQNUJW','7PP43047RA701023B','A5-lrSLjSj3Q-Vz-Kg48FHm0FfzHAO3MF9yWMiJuWjuo-DT9D6gb8dVg',NOW() );
[29-Feb-2020 12:02:08 UTC] INSERT INTO transactions_paypal VALUES (0,'954d5411688ef31c07d922895e090b35','JWZ87SVKY3UTL','53Y543834C468622E','ATZNipRbI.6q82szx8furvc8qOlYAdC8XJN5bGFyKFzy4UlUB4zEsgS7',NOW() );
[11-Mar-2020 17:42:38 UTC] INSERT INTO transactions_paypal VALUES (0,'ca109bff54b7a3376b46b6f23bb729a8','9FT7APX4F2WKG','79X18908J9034850B','AFpaLYz2bRJXRraEpfeX9WXhJfmaAhj3A3ZFgv6Yqz6vUx4utV8NOnIk',NOW() );
[05-Apr-2020 15:06:31 UTC] INSERT INTO transactions_paypal VALUES (0,'330004f994cd16dae109294905810e94','K4636AVJA3M4L','4WL1113989313532M','AjDBskzeStBIms8Z5A7Z88ErSx6EAiHDnxv0.r25ZHbXO1QHxiYKOUOY',NOW() );
[08-May-2020 11:27:13 UTC] INSERT INTO transactions_paypal VALUES (0,'b15d0d389d66cf1614c79f635d26d001','HPWHKX56FUFNY','2KC325236G4026118','AWStK2Zqso6gcAJ0eMfG8iEVKFZlA8BtLtwJZfxFEt7ytn-FnZcR-0pZ',NOW() );
[29-Aug-2020 21:39:07 UTC] INSERT INTO transactions_paypal VALUES (0,'d19fad5f511f76e0967b71a7006ba50d','K9WB3UCZ69QLQ','4AX43413JN888174U','ABNKW1NISnl18ysl5N.Ffwt0d7M-A5TJkzacE83VnPzzJfk.FNuDtgvn',NOW() );
[29-Aug-2020 21:51:47 UTC] [2020-08-29 21:51 UTC] Invalid HTTP request method.
[20-Sep-2020 10:07:08 UTC] INSERT INTO transactions_paypal VALUES (0,'d01d93babff8e83cba2e49c700f6424a','29FEUF5SCR86L','6W677223UD489074C','A8poeTzG5l6dYgdPSIZ.n-fyrGN6AyzT55CT93O2wq91IoC9VGHQOMFw',NOW() );
[20-Sep-2020 10:11:22 UTC] [2020-09-20 10:11 UTC] Invalid HTTP request method.
[22-Sep-2020 15:17:01 UTC] INSERT INTO transactions_paypal VALUES (0,'4e9384bdc8863e48336b0bd68bf87fb3','VFLRGLPF3FE4A','5J094754ED367994S','APyuBgn6gr-Q--9XVr6wlMaEEUZsAALkvdlf2MqMjHJf2Ww-NyX4H9.q',NOW() );
[23-Sep-2020 10:17:39 UTC] [2020-09-23 10:17 UTC] Invalid HTTP request method.
[06-Oct-2020 20:01:55 UTC] INSERT INTO transactions_paypal VALUES (0,'d27f4e67a20b6788d5bb605aca5356a5','CKWW6Q57LP82G','3R427214N0715743D','ADpi4MitTCI9F2ltda34bOTnTsQcAwavBEXjvqLllzqIsbv9EjMCJvXO',NOW() );
[07-Oct-2020 23:03:23 UTC] [2020-10-07 23:03 UTC] Invalid HTTP request method.
[09-Oct-2020 19:50:05 UTC] [2020-10-09 19:50 UTC] Invalid HTTP request method.
[12-Oct-2020 07:13:34 UTC] [2020-10-12 07:13 UTC] Invalid HTTP request method.
[14-Oct-2020 19:19:10 UTC] [2020-10-14 19:19 UTC] Invalid HTTP request method.
[25-Oct-2020 21:13:22 UTC] INSERT INTO transactions_paypal VALUES (0,'11c28abeb1a4311f784dd24a05ac5652','YKLQC9XSWLJ56','5JY87801GV101553R','AzYkUDI4d-pMZCuEpSyVEagB5uf3AQIIx2v5HQwbt8sGj69MtGF2ifJX',NOW() );
[28-Oct-2020 19:17:38 UTC] INSERT INTO transactions_paypal VALUES (0,'8447667aa8eae09e18b2061187a8903f','YKLQC9XSWLJ56','5ED88042GV7229509','AXHn.x3rKsaFEj8XSh7F2eVmYBzYAtpO0dYrMOSm6-JjO6ywpOclmOik',NOW() );
[29-Oct-2020 16:48:37 UTC] INSERT INTO transactions_paypal VALUES (0,'14a20a9b8e371e2dbab0e4bccb35117e','PSMWGX9RA6K4L','67W475475V616954W','A9KZE9datrQ74QdAJT9O2HuLPUJEAXsDmyVbs2jUEtTQGZ6CdSOQTKvc',NOW() );
[04-Nov-2020 15:14:45 UTC] INSERT INTO transactions_paypal VALUES (0,'25d3aed64e6a40c199a76b8e9b0e45af','9NJFYS8YR6FC6','39151296H3397854H','AO.Bm4sXkCZ.uGW01iDwLti5Q4ueAbA00Qyzzertr5sCyMgVyh7Dt5W.',NOW() );
[04-Nov-2020 15:30:01 UTC] [2020-11-04 15:30 UTC] Invalid HTTP request method.
[04-Nov-2020 22:37:07 UTC] INSERT INTO transactions_paypal VALUES (0,'0490b156db46d68cea5ab4f4bcc59d75','33W4JMQHZMBTQ','8UL331400B444632Y','AnZRnQARxx-EcjfC4fAOPJWVQZ-wA39QJua-7Qap96bpYf6zX2Ft7HUR',NOW() );
[19-Nov-2020 14:49:50 UTC] INSERT INTO transactions_paypal VALUES (0,'8ee2309c7d07bc558efcde79657d63c7','ZEHX38R2XL8D6','12H973660A1436054','Azr.9uuPY4AkZXApEaRiW-NtNNBDAHfbKV2uhwV3VVwrwp5-Sh4guSfA',NOW() );
[21-Nov-2020 14:08:11 UTC] INSERT INTO transactions_paypal VALUES (0,'4dff340b3b3e6e3ddb5062794b2388fa','PZS5KV4U6M3YN','99A93084TY081914U','AazQ4t4IJztRN7yNFlTH3SclXfcsAtdBaRfVM4UXXk0e6sseFUij3rlZ',NOW() );
[24-Nov-2020 20:13:08 UTC] [2020-11-24 20:13 UTC] Invalid HTTP request method.
[28-Nov-2020 11:52:04 UTC] INSERT INTO transactions_paypal VALUES (0,'640d46ab320abd74d56574bc8ce639e8','XCFHJSV67CRV2','5XL748328S693513C','AaWV-wfk5cpQfYs5SIMsYvsMKbkAABK6Ep3aRngLI-LkVgygnRqqsAcm',NOW() );
[28-Nov-2020 14:50:33 UTC] INSERT INTO transactions_paypal VALUES (0,'b5fe34229f2f17bbdaa8271255394b0d','6XZM8ZTCZEWK6','8YX461099B013212B','AwPuxLAikr7z7OvfUilHguG.JtvdAVrUGg53DBbQBKPCcWaXac435Nt9',NOW() );
[29-Nov-2020 18:07:24 UTC] [2020-11-29 18:07 UTC] Invalid HTTP request method.
[05-Dec-2020 19:50:05 UTC] INSERT INTO transactions_paypal VALUES (0,'492f24e41380783451ff45d657bb12c9','3Q3ZVDXASVPZ2','6XC75751XW8661216','Ac8iObZKbiK7TiN9CB12Kw8mvmL6AdMI1ZYnLYufcFEyShv2NP9Nrlsz',NOW() );
[06-Dec-2020 11:50:31 UTC] INSERT INTO transactions_paypal VALUES (0,'a9c5d2f70b1b51fa9ad0fef08b2b9439','ZHQ6LBU7QBFZY','54H89561UX4272113','A5RPh69-UN1zrV-Alaih.XxOc48SAXY..hx2g6shmlomH7zHszD-BBjw',NOW() );
[06-Dec-2020 14:38:35 UTC] INSERT INTO transactions_paypal VALUES (0,'05abafbbea658532ff5358ec90acf08a','9NJFYS8YR6FC6','6CS13337HR5023835','AahBXnIkKQdH7NNbseUdlpgH2nNHAT-XH5sMjVKvnjs8h5S0aMJXEjzE',NOW() );
[07-Dec-2020 17:40:18 UTC] INSERT INTO transactions_paypal VALUES (0,'d7f07a8ad65e4e5b02b311a722d84e6d','48A5E5VT95BDS','9SB524306K982861V','A4d-nYdSGO4jZGAfIiTEMvwsKZ89Ar-sqhchTeq7OSQ3p32owHioJ3Vx',NOW() );
[07-Dec-2020 20:12:00 UTC] [2020-12-07 20:12 UTC] Invalid HTTP request method.
[20-Dec-2020 15:05:50 UTC] INSERT INTO transactions_paypal VALUES (0,'f694c4d3389b1f559b2d061d36bf0c41','5Z2MZJNZW9U9J','020492932G9727046','AQYTgL3v31I0V8X0-w0FFi87o1FAAQbFvNdHWBlSB617FTamQdCJusU3',NOW() );
[20-Dec-2020 15:16:47 UTC] [2020-12-20 15:16 UTC] Invalid HTTP request method.
[04-Jan-2021 15:48:06 UTC] INSERT INTO transactions_paypal VALUES (0,'2630e1b337b55ebe70e9eb1d898dad47','TNFWPG8HF9DSW','4FW04281NG1779500','AUPxck9Az77Rbx1zM3-5ULxDlXv2A5WPXsqeQ8UvhpBGmZLSmH-w8YxA',NOW() );
[05-Jan-2021 06:20:07 UTC] [2021-01-05 06:20 UTC] Invalid HTTP request method.
[10-Jan-2021 18:34:05 UTC] INSERT INTO transactions_paypal VALUES (0,'40f65f129d01b0c019d13d038fb790f3','FPSUHFENJ2JN8','7C240711949280914','AilGy246YHw4lH1k6D8htzYkVkJBAQHFm0UG2i4dTG-6FCuJ8XE.pHT6',NOW() );
[12-Jan-2021 06:36:19 UTC] [2021-01-12 06:36 UTC] Invalid HTTP request method.
[14-Jan-2021 13:29:05 UTC] [2021-01-14 13:29 UTC] Invalid HTTP request method.
[15-Jan-2021 20:33:46 UTC] [2021-01-15 20:33 UTC] Invalid HTTP request method.
[18-Jan-2021 07:31:21 UTC] INSERT INTO transactions_paypal VALUES (0,'9c4732fd38056852d6d2990072469419','JB4VLJHNH6DVJ','0X513046WK525523M','AnDlpa7-K2WTcuXAGOIKkGb99Fi6AHqnGc25MGRoBp9jF2OQW1VxuA0L',NOW() );
[18-Jan-2021 07:40:40 UTC] [2021-01-18 07:40 UTC] Invalid HTTP request method.
[28-Mar-2021 17:24:35 UTC] INSERT INTO transactions_paypal VALUES (0,'257370718d53756dc7764d1053c4b333','CF2NCKPUCWLVS','4FY17356YW8373456','AI9DhnROZz71d2EMg9sViYRiUhH.ARp7BIUXDi6g-7MQgnrOB9SnfFKZ',NOW() );
[15-Apr-2021 18:56:05 UTC] INSERT INTO transactions_paypal VALUES (0,'dfd92938641e6b615b8e75ed69cac94c','U4ML3KW4BV57E','40M83516YU1822949','Aw44NCNIe3P9gB2wAzyBZJGhSKZ7A501t.CMtsznFfv9rc0T86xE15df',NOW() );
[15-Apr-2021 18:56:19 UTC] [2021-04-15 18:56 UTC] Invalid HTTP request method.
[03-May-2021 16:23:34 UTC] INSERT INTO transactions_paypal VALUES (0,'76e3f616f67f7387f479086e29b799b3','LM9VTYLNWJ9JC','7HV86926KV514481U','Az9YKehPiAfg9R05NhkPUMBY-ia0ArUqRXNtZbcu9nAhnVmmclzHmHpS',NOW() );
[03-May-2021 16:27:11 UTC] [2021-05-03 16:27 UTC] Invalid HTTP request method.
[07-May-2021 13:48:00 UTC] INSERT INTO transactions_paypal VALUES (0,'4f98e3a0630397dba7a9232db8d47257','R9JRKQ93BVESS','29B06064AV233550W','ApeJwnFj6ED5VMAjvlsEQG5DXUI8AXjcwNxX10wnnzaUz8wl4pFqs6eq',NOW() );
[07-May-2021 14:09:58 UTC] [2021-05-07 14:09 UTC] Invalid HTTP request method.
[27-May-2021 14:48:23 UTC] INSERT INTO transactions_paypal VALUES (0,'622fc6c8d29a7ecfe1654c13ac194cbc','PSMWGX9RA6K4L','4RE19078NE3019327','A0GqU2ucSkhk7RZS-kBr7ObVmjrQA.eAsdSLevsZSFpAmDHE1RzYN.Ln',NOW() );
[27-May-2021 17:39:07 UTC] [2021-05-27 17:39 UTC] Invalid HTTP request method.
[28-Jun-2021 20:34:50 UTC] INSERT INTO transactions_paypal VALUES (0,'c5da3299bcd6cca906ca4a21fc048240','FWZZUPYZZ39Y4','3GT2549765613684P','A9JF9bmaJZYkhjecjtDJ5fO.nEHrAj26rTJ324VetsD19nC1dh.S69Ze',NOW() );
[28-Jun-2021 20:46:00 UTC] INSERT INTO transactions_paypal VALUES (0,'c5da3299bcd6cca906ca4a21fc048240','FWZZUPYZZ39Y4','1F9899656F4797402','AWET8SaXRglYLSagi4pzTIqD82j9AsBme.g2MG3UDtROTPvd-Gr28Qvy',NOW() );
[28-Jun-2021 20:46:20 UTC] INSERT INTO transactions_paypal VALUES (0,'c5da3299bcd6cca906ca4a21fc048240','FWZZUPYZZ39Y4','3GT2549765613684P','AF3BPzwFwTTuarEGxLvxNmZde6gwACUYU2yXpctlx4HE6sSs3OUqr37t',NOW() );
[12-Jul-2021 12:31:58 UTC] INSERT INTO transactions_paypal VALUES (0,'6119eaf61aad2ce2134f634d75dd0e60','K235YJATTK3TQ','1AA97565PJ9202844','A7B1JkSP6NdBKOUiLxs7OGVTHgEyAVj4JyQ-Z1Fwt-.C6azseRwb4Mng',NOW() );
[12-Jul-2021 12:32:43 UTC] [2021-07-12 12:32 UTC] Invalid HTTP request method.
[12-Jul-2021 12:45:28 UTC] INSERT INTO transactions_paypal VALUES (0,'c5da3299bcd6cca906ca4a21fc048240','FWZZUPYZZ39Y4','1F9899656F4797402','AhVo-Wou0TZn-uHIuXLNPMz.WlaPA15QNMGY0L-VHeR-gjFnde6mCsk1',NOW() );
[12-Jul-2021 12:45:30 UTC] INSERT INTO transactions_paypal VALUES (0,'c5da3299bcd6cca906ca4a21fc048240','FWZZUPYZZ39Y4','59221725LL2164925','ARX2T6XhKL9Tl6frrflETzfLIyReAlongQAfRzG9lP9XBv7nx.br8Aa0',NOW() );
[09-Oct-2021 22:55:45 UTC] INSERT INTO transactions_paypal VALUES (0,'a64abe82e45f41f1af0e1c537235482e','USL7Q5K97YDYC','6LP33068UU545143T','ACJg2PUUSSBGx.dfOiULQHeqBhqlAXTe4k3QweT348U8s6gcuPWOkO6W',NOW() );
[09-Oct-2021 22:56:28 UTC] [2021-10-09 22:56 UTC] Invalid HTTP request method.
[29-Oct-2021 11:37:37 UTC] INSERT INTO transactions_paypal VALUES (0,'3ebb7fcc0d29854c89c6c285c612cd9b','PCRADKTFG49K6','2CE244238W8257549','A5DqW3zW8P6.2mdKFharoYC2qZDjA-SzjVfKlHE6LBMnO-5cr77ZLmnf',NOW() );
[29-Oct-2021 21:02:19 UTC] [2021-10-29 21:02 UTC] Invalid HTTP request method.
[29-Oct-2021 21:02:56 UTC] [2021-10-29 21:02 UTC] Invalid HTTP request method.
[16-Nov-2021 14:55:11 UTC] INSERT INTO transactions_paypal VALUES (0,'55bf6eb5c7dca5676471197e615aec3a','EL6JSMS9FHPCY','07E823619W423480D','A1Gh0G7Qy5PLKqD27p9WkWmlsrHvAnAXo36PG5i4ZEzLqyav0GcsyQb9',NOW() );
[17-Nov-2021 18:57:50 UTC] INSERT INTO transactions_paypal VALUES (0,'b3f76f987c792fe450274b631185ad84','4GF6TQ3YPDCYA','9RP04014HV771715D','ATHqN2JgOyx4q2IhEJaFaPYklOl0ANzh.RKUeYugJv4riM-SEv6uUa9N',NOW() );
[18-Nov-2021 04:01:39 UTC] [2021-11-18 04:01 UTC] Invalid HTTP request method.
[19-Nov-2021 05:19:39 UTC] [2021-11-19 05:19 UTC] Invalid HTTP request method.
[20-Nov-2021 12:52:47 UTC] INSERT INTO transactions_paypal VALUES (0,'31b1a4701dd260fc30302229ac92c968','EGJ2W3T4VKLHQ','71G997768D400444P','A-l7Ht3gCcGUz87UP0AOBYyGo3TWAkBvenf6e-YBF5tiARTPk6I6dUPR',NOW() );
[20-Nov-2021 21:18:02 UTC] INSERT INTO transactions_paypal VALUES (0,'e8982aae841ee119eb4a5f142eca2884','LRH6V9HVEL6ZC','99D61709V9479744B','AbY0uQyrZNbFTEDzDvKV-AjVuXqEAG6KVcOOsczoYhJjExNJPeP70ff9',NOW() );
[22-Nov-2021 16:54:40 UTC] [2021-11-22 16:54 UTC] Invalid HTTP request method.
[22-Nov-2021 16:54:59 UTC] [2021-11-22 16:54 UTC] Invalid HTTP request method.
[22-Nov-2021 21:20:06 UTC] INSERT INTO transactions_paypal VALUES (0,'210b732a40cf22d2032175a89b571893','KFX7ZQ4EED9PS','1D225225TU466102L','A-9Hyj5.n664jOr3Cfh7xTTqeqE-A2X96fBDmzDuiTDUfZsozbcTIrJ.',NOW() );
[24-Nov-2021 15:21:48 UTC] INSERT INTO transactions_paypal VALUES (0,'6106d9ad98f851362f4c1ae16f6182ae','VDBHA596MSG98','7YB54956R13378043','Alu5KYSfOqOEnUR2d8mkxTIPzroFA1A4av-1lKFgvbbwHxY7lM758sFs',NOW() );
[24-Nov-2021 17:16:28 UTC] INSERT INTO transactions_paypal VALUES (0,'328ba5dfccd8ffe4988e07260ad60427','ZEHX38R2XL8D6','7K642912DV541900F','AxKhfMEwoY2MqKBeJf9dnPvMEZfcAyUsdPdtMduFTUGbI2bbCQdd4uMb',NOW() );
[01-Dec-2021 13:05:35 UTC] INSERT INTO transactions_paypal VALUES (0,'c41d775b551cbfc5880d15ba76954171','UMEQP55TGCJK4','35M04573N37327201','AV6G4FKGtlesuK0a3cThf6XW91XTAgtWAnKH6eNjQ27PzJcEuOei1.JQ',NOW() );
[07-Jan-2022 12:24:25 UTC] INSERT INTO transactions_paypal VALUES (0,'e7c7a65cd601df4765b974e2599678f3','LRH6V9HVEL6ZC','47363463VW984220D','A-2kpm5MZJJbY4Jpvu2yxRYV6K6oA4Xg5YZvubFPSowuKPaqCIqy-0t3',NOW() );
[07-Jan-2022 18:41:35 UTC] INSERT INTO transactions_paypal VALUES (0,'12a7173b612cfb523a945a0f265d9c38','Q7SJHJE98GAWQ','74D21888FM0497041','AeZrFWQF36YmdFtxcNrfZeGLpIVaAlfFq9EWCUcR.bOOae7xO6au7jw.',NOW() );
[29-Jan-2022 15:10:28 UTC] INSERT INTO transactions_paypal VALUES (0,'9537b46fd7748e3ae33b8b190f27c6dc','4GF6TQ3YPDCYA','4TU05133U3153202L','AvtjoXh56OOHO42fWvXzRT.w-HftAOnFyRTPmtvhsn61RJNr4Jv25AZ-',NOW() );
[05-Feb-2022 20:46:34 UTC] INSERT INTO transactions_paypal VALUES (0,'c6d42670bea92ec308e42cbdbaf07b0a','VDBHA596MSG98','51T47465KX283983M','ARa7ud5aZEw2c5po6U74oO5SaxVbAL7z33KqgSRJNZsJuqg-QF-QWA7C',NOW() );
[02-Nov-2022 22:54:29 Europe/Lisbon] INSERT INTO transactions_paypal VALUES (0,'651715db892236493032f712381d0688','CYX2FE74N7NMS','5R4405372C553361R','ArzItg1LSPZePSZeB2QdSFQwgbZ7Au9jueaba3BG8Vc-7liZ0odui1QD',NOW() );
[02-Nov-2022 22:54:38 Europe/Lisbon] [2022-11-02 22:54 Europe/Lisbon] Invalid HTTP request method.
[06-Nov-2022 23:44:13 Europe/Lisbon] [2022-11-06 23:44 Europe/Lisbon] Invalid HTTP request method.
[06-Nov-2022 23:44:36 Europe/Lisbon] [2022-11-06 23:44 Europe/Lisbon] Invalid HTTP request method.
[06-Nov-2022 23:47:38 Europe/Lisbon] [2022-11-06 23:47 Europe/Lisbon] Invalid HTTP request method.
[06-Nov-2022 23:54:34 Europe/Lisbon] [2022-11-06 23:54 Europe/Lisbon] Invalid HTTP request method.
[07-Nov-2022 00:04:35 Europe/Lisbon] [2022-11-07 00:04 Europe/Lisbon] Invalid HTTP request method.
[07-Nov-2022 00:14:38 Europe/Lisbon] [2022-11-07 00:14 Europe/Lisbon] Invalid HTTP request method.
[07-Nov-2022 00:24:49 Europe/Lisbon] [2022-11-07 00:24 Europe/Lisbon] Invalid HTTP request method.
[07-Nov-2022 00:34:58 Europe/Lisbon] [2022-11-07 00:34 Europe/Lisbon] Invalid HTTP request method.
[11-Nov-2022 15:21:22 Europe/Lisbon] INSERT INTO transactions_paypal VALUES (0,'7230df24b8e8ac493a2fecb94d912c0c','UNKCNFKBUDHH8','59851139YU379194R','AOuqYdjnLlcamtr3PQOii0EEo9LIATFrqr01DxAmdhwuTiEU1eAsF124',NOW() );
[12-Nov-2022 23:12:06 Europe/Lisbon] INSERT INTO transactions_paypal VALUES (0,'d083adfe439afd07b095f90918ab551e','SQHHPPPMH2MJE','64G95864TH6131042','AjZ8LyZ40exAPC82HvhzNe82xNsmAFtkIndtoUz90mVX0EsrnfEY.pJk',NOW() );
[13-Nov-2022 17:16:06 Europe/Lisbon] [2022-11-13 17:16 Europe/Lisbon] Invalid HTTP request method.
[19-Nov-2022 16:04:01 Europe/Lisbon] [2022-11-19 16:04 Europe/Lisbon] Invalid HTTP request method.
[29-Dec-2022 15:06:46 Europe/Lisbon] INSERT INTO transactions_paypal VALUES (0,'c3800074fb07e6f0c006c691e19a57e9','HLFNK47UNFHW2','10740045BE801260R','AJ.CsHWCUWLG9Y34IV2PM75KwG1gAaWvqC.F3mmdjbdbBbuIFMPhbO7v',NOW() );
[29-Dec-2022 15:06:52 Europe/Lisbon] [2022-12-29 15:06 Europe/Lisbon] Invalid HTTP request method.
[29-Dec-2022 15:06:55 Europe/Lisbon] [2022-12-29 15:06 Europe/Lisbon] Invalid HTTP request method.
[13-Jul-2023 17:37:35 Europe/Lisbon] INSERT INTO transactions_paypal VALUES (0,'6bc8fb155d8423662267d2a24cae81d6','NDDQWP75SKM3C','1XF03312FR104945R','AXbvm0tLYpL0z6gQzvSbd4aAKiyeAX3lffk-MLibTeuNub1Ii9bWkbak',NOW() );
[04-Nov-2023 16:59:14 Europe/Lisbon] INSERT INTO transactions_paypal VALUES (0,'d38ba46b0086697957a6b618f3151768','M3MVKQCH63RJQ','8U569270M05416511','Aw3M2bV.Fy67WxYZg0zwftI6GUrYApTsauiuxhnpL8o0RwY.gKMnJRZI',NOW() );
[04-Nov-2023 16:59:35 Europe/Lisbon] [2023-11-04 16:59 Europe/Lisbon] Invalid HTTP request method.
